c:\users\redha\documents\cnrs\redpitaya_gui\release\moc_mvc_controller.obj
c:\users\redha\documents\cnrs\redpitaya_gui\release\moc_inputworker.obj
c:\users\redha\documents\cnrs\redpitaya_gui\release\moc_applyinputworker.obj
c:\users\redha\documents\cnrs\redpitaya_gui\release\moc_mvc_model.obj
c:\users\redha\documents\cnrs\redpitaya_gui\release\moc_view.obj
c:\users\redha\documents\cnrs\redpitaya_gui\release\main.obj
c:\users\redha\documents\cnrs\redpitaya_gui\release\view.obj
c:\users\redha\documents\cnrs\redpitaya_gui\release\moc_predefs.h
c:\users\redha\documents\cnrs\redpitaya_gui\release\redpitaya_gui.exe
c:\users\redha\documents\cnrs\redpitaya_gui\release\moc_mvc_controller.cpp
c:\users\redha\documents\cnrs\redpitaya_gui\release\moc_mvc_model.cpp
c:\users\redha\documents\cnrs\redpitaya_gui\release\moc_applyinputworker.cpp
c:\users\redha\documents\cnrs\redpitaya_gui\release\moc_inputworker.cpp
c:\users\redha\documents\cnrs\redpitaya_gui\release\moc_view.cpp
c:\users\redha\documents\cnrs\redpitaya_gui\ui_view.h
c:\users\redha\documents\cnrs\redpitaya_gui\release\redpitaya_gui.tlog\cl.16068.write.1.tlog
c:\users\redha\documents\cnrs\redpitaya_gui\release\redpitaya_gui.tlog\cl.command.1.tlog
c:\users\redha\documents\cnrs\redpitaya_gui\release\redpitaya_gui.tlog\cl.items.tlog
c:\users\redha\documents\cnrs\redpitaya_gui\release\redpitaya_gui.tlog\cl.read.1.tlog
c:\users\redha\documents\cnrs\redpitaya_gui\release\redpitaya_gui.tlog\custombuild.command.1.tlog
c:\users\redha\documents\cnrs\redpitaya_gui\release\redpitaya_gui.tlog\custombuild.read.1.tlog
c:\users\redha\documents\cnrs\redpitaya_gui\release\redpitaya_gui.tlog\custombuild.write.1.tlog
c:\users\redha\documents\cnrs\redpitaya_gui\release\redpitaya_gui.tlog\link.command.1.tlog
c:\users\redha\documents\cnrs\redpitaya_gui\release\redpitaya_gui.tlog\link.read.1.tlog
c:\users\redha\documents\cnrs\redpitaya_gui\release\redpitaya_gui.tlog\link.secondary.1.tlog
c:\users\redha\documents\cnrs\redpitaya_gui\release\redpitaya_gui.tlog\link.write.1.tlog
c:\users\redha\documents\cnrs\redpitaya_gui\release\redpitaya_gui.tlog\moc.read.1u.tlog
c:\users\redha\documents\cnrs\redpitaya_gui\release\redpitaya_gui.tlog\moc.write.1u.tlog
c:\users\redha\documents\cnrs\redpitaya_gui\release\redpitaya_gui.tlog\redpitaya_gui.write.1u.tlog
c:\users\redha\documents\cnrs\redpitaya_gui\release\redpitaya_gui.tlog\uic.read.1u.tlog
c:\users\redha\documents\cnrs\redpitaya_gui\release\redpitaya_gui.tlog\uic.write.1u.tlog
